0 verbose cli /root/.nvm/versions/node/v16.17.0/bin/node /root/.nvm/versions/node/v16.17.0/bin/npm
1 info using npm@8.15.0
2 info using node@v16.17.0
3 timing npm:load:whichnode Completed in 0ms
4 timing config:load:defaults Completed in 1ms
5 timing config:load:file:/root/.nvm/versions/node/v16.17.0/lib/node_modules/npm/npmrc Completed in 16ms
6 timing config:load:builtin Completed in 16ms
7 timing config:load:cli Completed in 2ms
8 timing config:load:env Completed in 0ms
9 timing config:load:project Completed in 7ms
10 timing config:load:file:/root/.npmrc Completed in 0ms
11 timing config:load:user Completed in 0ms
12 timing config:load:file:/root/.nvm/versions/node/v16.17.0/etc/npmrc Completed in 0ms
13 timing config:load:global Completed in 0ms
14 timing config:load:validate Completed in 0ms
15 timing config:load:credentials Completed in 2ms
16 timing config:load:setEnvs Completed in 1ms
17 timing config:load Completed in 30ms
18 timing npm:load:configload Completed in 31ms
19 timing npm:load:mkdirpcache Completed in 1ms
20 timing npm:load:mkdirplogs Completed in 0ms
21 verbose title npm install mongoose
22 verbose argv "install" "mongoose" "--save"
23 timing npm:load:setTitle Completed in 2ms
24 timing config:load:flatten Completed in 3ms
25 timing npm:load:display Completed in 6ms
26 verbose logfile logs-max:10 dir:/root/.npm/_logs
27 verbose logfile /root/.npm/_logs/2022-09-11T09_17_10_222Z-debug-0.log
28 timing npm:load:logFile Completed in 6ms
29 timing npm:load:timers Completed in 0ms
30 timing npm:load:configScope Completed in 0ms
31 timing npm:load Completed in 48ms
32 timing arborist:ctor Completed in 1ms
33 silly logfile done cleaning log files
34 timing idealTree:init Completed in 94ms
35 timing idealTree:userRequests Completed in 2ms
36 silly idealTree buildDeps
37 silly fetch manifest mongoose@*
38 timing arborist:ctor Completed in 0ms
39 http fetch GET 200 https://registry.npmjs.org/mongoose 150ms (cache miss)
40 silly placeDep ROOT mongoose@6.6.0 OK for:  want: *
41 silly fetch manifest bson@^4.6.5
42 silly fetch manifest kareem@2.4.1
43 silly fetch manifest mongodb@4.9.1
44 silly fetch manifest mpath@0.9.0
45 silly fetch manifest mquery@4.0.3
46 silly fetch manifest ms@2.1.3
47 silly fetch manifest sift@16.0.0
48 http fetch GET 200 https://registry.npmjs.org/ms 32ms (cache hit)
49 http fetch GET 200 https://registry.npmjs.org/bson 118ms (cache miss)
50 http fetch GET 200 https://registry.npmjs.org/mpath 119ms (cache miss)
51 http fetch GET 200 https://registry.npmjs.org/kareem 148ms (cache miss)
52 http fetch GET 200 https://registry.npmjs.org/mquery 147ms (cache miss)
53 http fetch GET 200 https://registry.npmjs.org/mongodb 151ms (cache miss)
54 http fetch GET 200 https://registry.npmjs.org/sift 165ms (cache miss)
55 timing idealTree:#root Completed in 341ms
56 silly placeDep ROOT bson@4.7.0 OK for: mongoose@6.6.0 want: ^4.6.5
57 silly placeDep ROOT kareem@2.4.1 OK for: mongoose@6.6.0 want: 2.4.1
58 silly placeDep ROOT mongodb@4.9.1 OK for: mongoose@6.6.0 want: 4.9.1
59 silly placeDep ROOT mpath@0.9.0 OK for: mongoose@6.6.0 want: 0.9.0
60 silly placeDep ROOT mquery@4.0.3 OK for: mongoose@6.6.0 want: 4.0.3
61 silly placeDep node_modules/mongoose ms@2.1.3 OK for: mongoose@6.6.0 want: 2.1.3
62 silly placeDep ROOT sift@16.0.0 OK for: mongoose@6.6.0 want: 16.0.0
63 silly fetch manifest buffer@^5.6.0
64 silly fetch manifest denque@^2.1.0
65 silly fetch manifest mongodb-connection-string-url@^2.5.3
66 silly fetch manifest socks@^2.7.0
67 silly fetch manifest saslprep@^1.0.3
68 silly fetch manifest debug@4.x
69 http fetch GET 200 https://registry.npmjs.org/debug 15ms (cache hit)
70 http fetch GET 200 https://registry.npmjs.org/socks 64ms (cache miss)
71 http fetch GET 200 https://registry.npmjs.org/saslprep 65ms (cache miss)
72 http fetch GET 200 https://registry.npmjs.org/buffer 71ms (cache miss)
73 http fetch GET 200 https://registry.npmjs.org/denque 75ms (cache miss)
74 http fetch GET 200 https://registry.npmjs.org/mongodb-connection-string-url 77ms (cache miss)
75 timing idealTree:node_modules/mongoose Completed in 93ms
76 silly placeDep ROOT buffer@5.7.1 OK for: bson@4.7.0 want: ^5.6.0
77 silly fetch manifest base64-js@^1.3.1
78 silly fetch manifest ieee754@^1.1.13
79 http fetch GET 200 https://registry.npmjs.org/base64-js 31ms (cache miss)
80 http fetch GET 200 https://registry.npmjs.org/ieee754 39ms (cache miss)
81 timing idealTree:node_modules/bson Completed in 42ms
82 silly placeDep ROOT base64-js@1.5.1 OK for: buffer@5.7.1 want: ^1.3.1
83 silly placeDep ROOT ieee754@1.2.1 OK for: buffer@5.7.1 want: ^1.1.13
84 timing idealTree:node_modules/buffer Completed in 2ms
85 timing idealTree:node_modules/base64-js Completed in 0ms
86 timing idealTree:node_modules/ieee754 Completed in 0ms
87 timing idealTree:node_modules/kareem Completed in 0ms
88 silly placeDep ROOT denque@2.1.0 OK for: mongodb@4.9.1 want: ^2.1.0
89 silly placeDep ROOT mongodb-connection-string-url@2.5.3 OK for: mongodb@4.9.1 want: ^2.5.3
90 silly placeDep ROOT saslprep@1.0.3 OK for: mongodb@4.9.1 want: ^1.0.3
91 silly placeDep ROOT socks@2.7.0 OK for: mongodb@4.9.1 want: ^2.7.0
92 silly fetch manifest @types/whatwg-url@^8.2.1
93 silly fetch manifest whatwg-url@^11.0.0
94 silly fetch manifest sparse-bitfield@^3.0.3
95 silly fetch manifest ip@^2.0.0
96 silly fetch manifest smart-buffer@^4.2.0
97 http fetch GET 200 https://registry.npmjs.org/@types%2fwhatwg-url 44ms (cache miss)
98 http fetch GET 200 https://registry.npmjs.org/sparse-bitfield 50ms (cache miss)
99 http fetch GET 200 https://registry.npmjs.org/ip 50ms (cache miss)
100 http fetch GET 200 https://registry.npmjs.org/whatwg-url 67ms (cache miss)
101 http fetch GET 200 https://registry.npmjs.org/smart-buffer 67ms (cache miss)
102 timing idealTree:node_modules/mongodb Completed in 77ms
103 timing idealTree:node_modules/denque Completed in 0ms
104 silly placeDep ROOT @types/whatwg-url@8.2.2 OK for: mongodb-connection-string-url@2.5.3 want: ^8.2.1
105 silly placeDep ROOT whatwg-url@11.0.0 OK for: mongodb-connection-string-url@2.5.3 want: ^11.0.0
106 silly fetch manifest @types/node@*
107 silly fetch manifest @types/webidl-conversions@*
108 silly fetch manifest tr46@^3.0.0
109 silly fetch manifest webidl-conversions@^7.0.0
110 http fetch GET 200 https://registry.npmjs.org/tr46 46ms (cache miss)
111 http fetch GET 200 https://registry.npmjs.org/webidl-conversions 92ms (cache miss)
112 http fetch GET 200 https://registry.npmjs.org/@types%2fnode 134ms (cache miss)
113 http fetch GET 200 https://registry.npmjs.org/@types%2fwebidl-conversions 2261ms (cache miss)
114 timing idealTree:node_modules/mongodb-connection-string-url Completed in 2267ms
115 silly placeDep ROOT @types/node@18.7.16 OK for: @types/whatwg-url@8.2.2 want: *
116 silly placeDep ROOT @types/webidl-conversions@7.0.0 OK for: @types/whatwg-url@8.2.2 want: *
117 timing idealTree:node_modules/@types/whatwg-url Completed in 2ms
118 timing idealTree:node_modules/@types/node Completed in 0ms
119 timing idealTree:node_modules/@types/webidl-conversions Completed in 0ms
120 timing idealTree:node_modules/mpath Completed in 0ms
121 silly placeDep node_modules/mquery debug@4.3.4 OK for: mquery@4.0.3 want: 4.x
122 silly fetch manifest ms@2.1.2
123 timing idealTree:node_modules/mquery Completed in 2ms
124 silly placeDep ROOT sparse-bitfield@3.0.3 OK for: saslprep@1.0.3 want: ^3.0.3
125 silly fetch manifest memory-pager@^1.0.2
126 http fetch GET 200 https://registry.npmjs.org/memory-pager 63ms (cache miss)
127 timing idealTree:node_modules/saslprep Completed in 65ms
128 timing idealTree:node_modules/sift Completed in 0ms
129 silly placeDep ROOT ip@2.0.0 OK for: socks@2.7.0 want: ^2.0.0
130 silly placeDep ROOT smart-buffer@4.2.0 OK for: socks@2.7.0 want: ^4.2.0
131 timing idealTree:node_modules/socks Completed in 4ms
132 timing idealTree:node_modules/ip Completed in 0ms
133 timing idealTree:node_modules/smart-buffer Completed in 0ms
134 silly placeDep ROOT memory-pager@1.5.0 OK for: sparse-bitfield@3.0.3 want: ^1.0.2
135 timing idealTree:node_modules/sparse-bitfield Completed in 2ms
136 timing idealTree:node_modules/memory-pager Completed in 0ms
137 silly placeDep ROOT tr46@3.0.0 OK for: whatwg-url@11.0.0 want: ^3.0.0
138 silly placeDep ROOT webidl-conversions@7.0.0 OK for: whatwg-url@11.0.0 want: ^7.0.0
139 silly fetch manifest punycode@^2.1.1
140 http fetch GET 200 https://registry.npmjs.org/punycode 30ms (cache miss)
141 timing idealTree:node_modules/whatwg-url Completed in 34ms
142 silly placeDep ROOT punycode@2.1.1 OK for: tr46@3.0.0 want: ^2.1.1
143 timing idealTree:node_modules/tr46 Completed in 2ms
144 timing idealTree:node_modules/punycode Completed in 0ms
145 timing idealTree:node_modules/webidl-conversions Completed in 0ms
146 timing idealTree:node_modules/mongoose/node_modules/ms Completed in 0ms
147 silly placeDep node_modules/mquery ms@2.1.2 OK for: debug@4.3.4 want: 2.1.2
148 timing idealTree:node_modules/mquery/node_modules/debug Completed in 2ms
149 timing idealTree:node_modules/mquery/node_modules/ms Completed in 0ms
150 timing idealTree:buildDeps Completed in 2941ms
151 timing idealTree:fixDepFlags Completed in 2ms
152 timing idealTree Completed in 3042ms
153 timing reify:loadTrees Completed in 3044ms
154 timing reify:diffTrees Completed in 16ms
155 silly reify moves {}
156 timing reify:retireShallow Completed in 1ms
157 timing reify:createSparse Completed in 9ms
158 timing reify:loadBundles Completed in 0ms
159 silly audit bulk request {
159 silly audit   accepts: [ '1.3.8' ],
159 silly audit   'array-flatten': [ '1.1.1' ],
159 silly audit   'body-parser': [ '1.20.0' ],
159 silly audit   bytes: [ '3.1.2' ],
159 silly audit   'call-bind': [ '1.0.2' ],
159 silly audit   'content-disposition': [ '0.5.4' ],
159 silly audit   'content-type': [ '1.0.4' ],
159 silly audit   cookie: [ '0.5.0' ],
159 silly audit   'cookie-signature': [ '1.0.6' ],
159 silly audit   debug: [ '2.6.9', '4.3.4' ],
159 silly audit   depd: [ '2.0.0' ],
159 silly audit   destroy: [ '1.2.0' ],
159 silly audit   'ee-first': [ '1.1.1' ],
159 silly audit   encodeurl: [ '1.0.2' ],
159 silly audit   'escape-html': [ '1.0.3' ],
159 silly audit   etag: [ '1.8.1' ],
159 silly audit   express: [ '4.18.1' ],
159 silly audit   finalhandler: [ '1.2.0' ],
159 silly audit   forwarded: [ '0.2.0' ],
159 silly audit   fresh: [ '0.5.2' ],
159 silly audit   'function-bind': [ '1.1.1' ],
159 silly audit   'get-intrinsic': [ '1.1.2' ],
159 silly audit   has: [ '1.0.3' ],
159 silly audit   'has-symbols': [ '1.0.3' ],
159 silly audit   'http-errors': [ '2.0.0' ],
159 silly audit   'iconv-lite': [ '0.4.24' ],
159 silly audit   inherits: [ '2.0.4' ],
159 silly audit   'ipaddr.js': [ '1.9.1' ],
159 silly audit   'media-typer': [ '0.3.0' ],
159 silly audit   'merge-descriptors': [ '1.0.1' ],
159 silly audit   methods: [ '1.1.2' ],
159 silly audit   mime: [ '1.6.0' ],
159 silly audit   'mime-db': [ '1.52.0' ],
159 silly audit   'mime-types': [ '2.1.35' ],
159 silly audit   ms: [ '2.0.0', '2.1.3', '2.1.2' ],
159 silly audit   negotiator: [ '0.6.3' ],
159 silly audit   'object-inspect': [ '1.12.2' ],
159 silly audit   'on-finished': [ '2.4.1' ],
159 silly audit   parseurl: [ '1.3.3' ],
159 silly audit   'path-to-regexp': [ '0.1.7' ],
159 silly audit   'proxy-addr': [ '2.0.7' ],
159 silly audit   qs: [ '6.10.3' ],
159 silly audit   'range-parser': [ '1.2.1' ],
159 silly audit   'raw-body': [ '2.5.1' ],
159 silly audit   'safe-buffer': [ '5.2.1' ],
159 silly audit   'safer-buffer': [ '2.1.2' ],
159 silly audit   send: [ '0.18.0' ],
159 silly audit   'serve-static': [ '1.15.0' ],
159 silly audit   setprototypeof: [ '1.2.0' ],
159 silly audit   'side-channel': [ '1.0.4' ],
159 silly audit   statuses: [ '2.0.1' ],
159 silly audit   toidentifier: [ '1.0.1' ],
159 silly audit   'type-is': [ '1.6.18' ],
159 silly audit   unpipe: [ '1.0.0' ],
159 silly audit   'utils-merge': [ '1.0.1' ],
159 silly audit   vary: [ '1.1.2' ],
159 silly audit   mongoose: [ '6.6.0' ],
159 silly audit   bson: [ '4.7.0' ],
159 silly audit   kareem: [ '2.4.1' ],
159 silly audit   mongodb: [ '4.9.1' ],
159 silly audit   mpath: [ '0.9.0' ],
159 silly audit   mquery: [ '4.0.3' ],
159 silly audit   sift: [ '16.0.0' ],
159 silly audit   buffer: [ '5.7.1' ],
159 silly audit   'base64-js': [ '1.5.1' ],
159 silly audit   ieee754: [ '1.2.1' ],
159 silly audit   denque: [ '2.1.0' ],
159 silly audit   'mongodb-connection-string-url': [ '2.5.3' ],
159 silly audit   saslprep: [ '1.0.3' ],
159 silly audit   socks: [ '2.7.0' ],
159 silly audit   '@types/whatwg-url': [ '8.2.2' ],
159 silly audit   'whatwg-url': [ '11.0.0' ],
159 silly audit   '@types/node': [ '18.7.16' ],
159 silly audit   '@types/webidl-conversions': [ '7.0.0' ],
159 silly audit   'sparse-bitfield': [ '3.0.3' ],
159 silly audit   ip: [ '2.0.0' ],
159 silly audit   'smart-buffer': [ '4.2.0' ],
159 silly audit   'memory-pager': [ '1.5.0' ],
159 silly audit   tr46: [ '3.0.0' ],
159 silly audit   'webidl-conversions': [ '7.0.0' ],
159 silly audit   punycode: [ '2.1.1' ]
159 silly audit }
160 silly tarball no local data for punycode@https://registry.npmjs.org/punycode/-/punycode-2.1.1.tgz. Extracting by manifest.
161 silly tarball no local data for webidl-conversions@https://registry.npmjs.org/webidl-conversions/-/webidl-conversions-7.0.0.tgz. Extracting by manifest.
162 silly tarball no local data for tr46@https://registry.npmjs.org/tr46/-/tr46-3.0.0.tgz. Extracting by manifest.
163 silly tarball no local data for memory-pager@https://registry.npmjs.org/memory-pager/-/memory-pager-1.5.0.tgz. Extracting by manifest.
164 silly tarball no local data for smart-buffer@https://registry.npmjs.org/smart-buffer/-/smart-buffer-4.2.0.tgz. Extracting by manifest.
165 silly tarball no local data for ip@https://registry.npmjs.org/ip/-/ip-2.0.0.tgz. Extracting by manifest.
166 silly tarball no local data for sparse-bitfield@https://registry.npmjs.org/sparse-bitfield/-/sparse-bitfield-3.0.3.tgz. Extracting by manifest.
167 silly tarball no local data for @types/webidl-conversions@https://registry.npmjs.org/@types/webidl-conversions/-/webidl-conversions-7.0.0.tgz. Extracting by manifest.
168 silly tarball no local data for @types/node@https://registry.npmjs.org/@types/node/-/node-18.7.16.tgz. Extracting by manifest.
169 silly tarball no local data for whatwg-url@https://registry.npmjs.org/whatwg-url/-/whatwg-url-11.0.0.tgz. Extracting by manifest.
170 silly tarball no local data for @types/whatwg-url@https://registry.npmjs.org/@types/whatwg-url/-/whatwg-url-8.2.2.tgz. Extracting by manifest.
171 silly tarball no local data for socks@https://registry.npmjs.org/socks/-/socks-2.7.0.tgz. Extracting by manifest.
172 silly tarball no local data for saslprep@https://registry.npmjs.org/saslprep/-/saslprep-1.0.3.tgz. Extracting by manifest.
173 silly tarball no local data for mongodb-connection-string-url@https://registry.npmjs.org/mongodb-connection-string-url/-/mongodb-connection-string-url-2.5.3.tgz. Extracting by manifest.
174 silly tarball no local data for denque@https://registry.npmjs.org/denque/-/denque-2.1.0.tgz. Extracting by manifest.
175 silly tarball no local data for ieee754@https://registry.npmjs.org/ieee754/-/ieee754-1.2.1.tgz. Extracting by manifest.
176 silly tarball no local data for base64-js@https://registry.npmjs.org/base64-js/-/base64-js-1.5.1.tgz. Extracting by manifest.
177 silly tarball no local data for buffer@https://registry.npmjs.org/buffer/-/buffer-5.7.1.tgz. Extracting by manifest.
178 silly tarball no local data for sift@https://registry.npmjs.org/sift/-/sift-16.0.0.tgz. Extracting by manifest.
179 silly tarball no local data for mquery@https://registry.npmjs.org/mquery/-/mquery-4.0.3.tgz. Extracting by manifest.
180 silly tarball no local data for mpath@https://registry.npmjs.org/mpath/-/mpath-0.9.0.tgz. Extracting by manifest.
181 silly tarball no local data for mongodb@https://registry.npmjs.org/mongodb/-/mongodb-4.9.1.tgz. Extracting by manifest.
182 silly tarball no local data for kareem@https://registry.npmjs.org/kareem/-/kareem-2.4.1.tgz. Extracting by manifest.
183 silly tarball no local data for bson@https://registry.npmjs.org/bson/-/bson-4.7.0.tgz. Extracting by manifest.
184 silly tarball no local data for mongoose@https://registry.npmjs.org/mongoose/-/mongoose-6.6.0.tgz. Extracting by manifest.
185 silly tarball no local data for ms@https://registry.npmjs.org/ms/-/ms-2.1.2.tgz. Extracting by manifest.
186 silly tarball no local data for debug@https://registry.npmjs.org/debug/-/debug-4.3.4.tgz. Extracting by manifest.
187 timing reifyNode:node_modules/mongoose/node_modules/ms Completed in 288ms
188 http fetch POST 200 https://registry.npmjs.org/-/npm/v1/security/advisories/bulk 410ms
189 timing auditReport:getReport Completed in 414ms
190 silly audit report {}
191 timing auditReport:init Completed in 0ms
192 timing reify:audit Completed in 415ms
193 http fetch GET 200 https://registry.npmjs.org/webidl-conversions/-/webidl-conversions-7.0.0.tgz 413ms (cache miss)
194 timing reifyNode:node_modules/webidl-conversions Completed in 441ms
195 http fetch GET 200 https://registry.npmjs.org/memory-pager/-/memory-pager-1.5.0.tgz 414ms (cache miss)
196 timing reifyNode:node_modules/memory-pager Completed in 446ms
197 http fetch GET 200 https://registry.npmjs.org/denque/-/denque-2.1.0.tgz 396ms (cache miss)
198 timing reifyNode:node_modules/denque Completed in 449ms
199 http fetch GET 200 https://registry.npmjs.org/ieee754/-/ieee754-1.2.1.tgz 398ms (cache miss)
200 timing reifyNode:node_modules/ieee754 Completed in 452ms
201 http fetch GET 200 https://registry.npmjs.org/punycode/-/punycode-2.1.1.tgz 429ms (cache miss)
202 timing reifyNode:node_modules/punycode Completed in 455ms
203 http fetch GET 200 https://registry.npmjs.org/base64-js/-/base64-js-1.5.1.tgz 409ms (cache miss)
204 timing reifyNode:node_modules/base64-js Completed in 465ms
205 http fetch GET 200 https://registry.npmjs.org/ms/-/ms-2.1.2.tgz 396ms (cache miss)
206 timing reifyNode:node_modules/mquery/node_modules/ms Completed in 473ms
207 http fetch GET 200 https://registry.npmjs.org/buffer/-/buffer-5.7.1.tgz 421ms (cache miss)
208 timing reifyNode:node_modules/buffer Completed in 478ms
209 http fetch GET 200 https://registry.npmjs.org/@types/webidl-conversions/-/webidl-conversions-7.0.0.tgz 441ms (cache miss)
210 timing reifyNode:node_modules/@types/webidl-conversions Completed in 480ms
211 http fetch GET 200 https://registry.npmjs.org/@types/whatwg-url/-/whatwg-url-8.2.2.tgz 435ms (cache miss)
212 timing reifyNode:node_modules/@types/whatwg-url Completed in 481ms
213 http fetch GET 200 https://registry.npmjs.org/ip/-/ip-2.0.0.tgz 448ms (cache miss)
214 timing reifyNode:node_modules/ip Completed in 483ms
215 http fetch GET 200 https://registry.npmjs.org/sparse-bitfield/-/sparse-bitfield-3.0.3.tgz 449ms (cache miss)
216 timing reifyNode:node_modules/sparse-bitfield Completed in 485ms
217 http fetch GET 200 https://registry.npmjs.org/mpath/-/mpath-0.9.0.tgz 427ms (cache miss)
218 http fetch GET 200 https://registry.npmjs.org/smart-buffer/-/smart-buffer-4.2.0.tgz 461ms (cache miss)
219 timing reifyNode:node_modules/mpath Completed in 496ms
220 timing reifyNode:node_modules/smart-buffer Completed in 499ms
221 http fetch GET 200 https://registry.npmjs.org/mongodb-connection-string-url/-/mongodb-connection-string-url-2.5.3.tgz 450ms (cache miss)
222 timing reifyNode:node_modules/mongodb-connection-string-url Completed in 499ms
223 http fetch GET 200 https://registry.npmjs.org/tr46/-/tr46-3.0.0.tgz 475ms (cache miss)
224 timing reifyNode:node_modules/tr46 Completed in 504ms
225 http fetch GET 200 https://registry.npmjs.org/debug/-/debug-4.3.4.tgz 417ms (cache miss)
226 timing reifyNode:node_modules/mquery/node_modules/debug Completed in 523ms
227 http fetch GET 200 https://registry.npmjs.org/kareem/-/kareem-2.4.1.tgz 468ms (cache miss)
228 timing reifyNode:node_modules/kareem Completed in 537ms
229 http fetch GET 200 https://registry.npmjs.org/mquery/-/mquery-4.0.3.tgz 481ms (cache miss)
230 http fetch GET 200 https://registry.npmjs.org/whatwg-url/-/whatwg-url-11.0.0.tgz 504ms (cache miss)
231 timing reifyNode:node_modules/whatwg-url Completed in 548ms
232 timing reifyNode:node_modules/mquery Completed in 547ms
233 http fetch GET 200 https://registry.npmjs.org/saslprep/-/saslprep-1.0.3.tgz 504ms (cache miss)
234 timing reifyNode:node_modules/saslprep Completed in 553ms
235 http fetch GET 200 https://registry.npmjs.org/sift/-/sift-16.0.0.tgz 518ms (cache miss)
236 timing reifyNode:node_modules/sift Completed in 583ms
237 http fetch GET 200 https://registry.npmjs.org/socks/-/socks-2.7.0.tgz 546ms (cache miss)
238 timing reifyNode:node_modules/socks Completed in 593ms
239 http fetch GET 200 https://registry.npmjs.org/@types/node/-/node-18.7.16.tgz 732ms (cache miss)
240 timing reifyNode:node_modules/@types/node Completed in 777ms
241 http fetch GET 200 https://registry.npmjs.org/bson/-/bson-4.7.0.tgz 756ms (cache miss)
242 timing reifyNode:node_modules/bson Completed in 829ms
243 http fetch GET 200 https://registry.npmjs.org/mongoose/-/mongoose-6.6.0.tgz 869ms (cache miss)
244 timing reifyNode:node_modules/mongoose Completed in 943ms
245 http fetch GET 200 https://registry.npmjs.org/mongodb/-/mongodb-4.9.1.tgz 899ms (cache miss)
246 timing reifyNode:node_modules/mongodb Completed in 965ms
247 timing reify:unpack Completed in 968ms
248 timing reify:unretire Completed in 0ms
249 timing build:queue Completed in 3ms
250 timing build:deps Completed in 4ms
251 timing build Completed in 4ms
252 timing reify:build Completed in 4ms
253 timing reify:trash Completed in 0ms
254 timing reify:save Completed in 32ms
255 timing reify Completed in 4119ms
256 silly ADD node_modules/punycode
257 silly ADD node_modules/webidl-conversions
258 silly ADD node_modules/tr46
259 silly ADD node_modules/memory-pager
260 silly ADD node_modules/smart-buffer
261 silly ADD node_modules/ip
262 silly ADD node_modules/sparse-bitfield
263 silly ADD node_modules/@types/webidl-conversions
264 silly ADD node_modules/@types/node
265 silly ADD node_modules/whatwg-url
266 silly ADD node_modules/@types/whatwg-url
267 silly ADD node_modules/socks
268 silly ADD node_modules/saslprep
269 silly ADD node_modules/mongodb-connection-string-url
270 silly ADD node_modules/denque
271 silly ADD node_modules/ieee754
272 silly ADD node_modules/base64-js
273 silly ADD node_modules/buffer
274 silly ADD node_modules/sift
275 silly ADD node_modules/mquery
276 silly ADD node_modules/mquery/node_modules/ms
277 silly ADD node_modules/mquery/node_modules/debug
278 silly ADD node_modules/mpath
279 silly ADD node_modules/mongodb
280 silly ADD node_modules/kareem
281 silly ADD node_modules/bson
282 silly ADD node_modules/mongoose
283 silly ADD node_modules/mongoose/node_modules/ms
284 timing command:install Completed in 4128ms
285 verbose exit 0
286 timing npm Completed in 4240ms
287 info ok
